<?xml version="1.0" encoding="UTF-8"?>
<!-- Generated by org.testng.reporters.JUnitReportReporter -->
<testsuite skipped="0" hostname="C02XH0MVJG5M" name="com.automation.webpages.LoadTest" tests="5" failures="0" timestamp="14 Apr 2020 11:26:46 GMT" time="12.144" errors="0">
  <testcase name="loadTestThisWebsite" time="2.583" classname="com.automation.webpages.LoadTest"/>
  <testcase name="loadTestThisWebsite" time="2.387" classname="com.automation.webpages.LoadTest"/>
  <testcase name="loadTestThisWebsite" time="2.243" classname="com.automation.webpages.LoadTest"/>
  <testcase name="loadTestThisWebsite" time="2.091" classname="com.automation.webpages.LoadTest"/>
  <testcase name="loadTestThisWebsite" time="2.840" classname="com.automation.webpages.LoadTest"/>
</testsuite> <!-- com.automation.webpages.LoadTest -->
