<?xml version="1.0" encoding="UTF-8"?>
<!-- Generated by org.testng.reporters.JUnitReportReporter -->
<testsuite skipped="0" hostname="C02XH0MVJG5M" name="com.automation.webpages.GmailPage" tests="2" failures="0" timestamp="14 Apr 2020 11:26:46 GMT" time="7.982" errors="0">
  <testcase name="verifyGmailTitle" time="3.282" classname="com.automation.webpages.GmailPage"/>
  <testcase name="searchString" time="4.700" classname="com.automation.webpages.GmailPage"/>
</testsuite> <!-- com.automation.webpages.GmailPage -->
