<?xml version="1.0" encoding="UTF-8"?>
<!-- Generated by org.testng.reporters.JUnitReportReporter -->
<testsuite skipped="1" hostname="C02XH0MVJG5M" name="com.automation.webpages.GooglePage" tests="5" failures="0" timestamp="14 Apr 2020 11:26:46 GMT" time="12.987" errors="0">
  <testcase name="searchAmazon" time="3.815" classname="com.automation.webpages.GooglePage"/>
  <testcase name="searchStringOnGoogle" time="2.194" classname="com.automation.webpages.GooglePage"/>
  <testcase name="verifyGoogleTitle" time="2.713" classname="com.automation.webpages.GooglePage"/>
  <testcase name="searchAmazonAndNavigateToAmazonURL" time="4.265" classname="com.automation.webpages.GooglePage"/>
  <testcase name="googleSearchListOfSuggestions" classname="com.automation.webpages.GooglePage">
    <skipped/>
  </testcase> <!-- googleSearchListOfSuggestions -->
</testsuite> <!-- com.automation.webpages.GooglePage -->
